# JRE version: OpenJDK Runtime Environment Microsoft-11369865 (17.0.15+6) (build 17.0.15+6-LTS)
# Java VM: OpenJDK 64-Bit Server VM Microsoft-11369865 (17.0.15+6-LTS, mixed mode, sharing, tiered, compressed oops, compressed class ptrs, g1 gc, windows-amd64)
GC Precious Log:
 CPUs: 8 total, 8 available
 Memory: 8025M
 Large Page Support: Disabled
 NUMA Support: Disabled
 Compressed Oops: Enabled (32-bit)
 Heap Region Size: 1M
 Heap Min Capacity: 8M
 Heap Initial Capacity: 126M
 Heap Max Capacity: 2G
 Pre-touch: Disabled
 Parallel Workers: 8
 Concurrent Workers: 2
 Concurrent Refinement Workers: 8
 Periodic GC: Disabled
Heap:
 garbage-first heap   total 287744K, used 237414K [0x0000000080000000, 0x0000000100000000)
  region size 1024K, 56 young (57344K), 4 survivors (4096K)
 Metaspace       used 109613K, committed 110784K, reserved 557056K
  class space    used 15360K, committed 15936K, reserved 425984K
GC Heap History (20 events):
Event: 29.800 GC heap before
{Heap before GC invocations=59 (full 0):
 garbage-first heap   total 239616K, used 195708K [0x0000000080000000, 0x0000000100000000)
  region size 1024K, 56 young (57344K), 9 survivors (9216K)
 Metaspace       used 103920K, committed 105088K, reserved 557056K
  class space    used 14527K, committed 15104K, reserved 425984K
}
Event: 29.810 GC heap after
{Heap after GC invocations=60 (full 0):
 garbage-first heap   total 239616K, used 154295K [0x0000000080000000, 0x0000000100000000)
  region size 1024K, 7 young (7168K), 7 survivors (7168K)
 Metaspace       used 103920K, committed 105088K, reserved 557056K
  class space    used 14527K, committed 15104K, reserved 425984K
}
Event: 29.999 GC heap before
{Heap before GC invocations=60 (full 0):
 garbage-first heap   total 239616K, used 196279K [0x0000000080000000, 0x0000000100000000)
  region size 1024K, 49 young (50176K), 7 survivors (7168K)
 Metaspace       used 103922K, committed 105088K, reserved 557056K
  class space    used 14527K, committed 15104K, reserved 425984K
}
Event: 30.006 GC heap after
{Heap after GC invocations=61 (full 0):
 garbage-first heap   total 239616K, used 155961K [0x0000000080000000, 0x0000000100000000)
  region size 1024K, 4 young (4096K), 4 survivors (4096K)
 Metaspace       used 103922K, committed 105088K, reserved 557056K
  class space    used 14527K, committed 15104K, reserved 425984K
}
Event: 30.254 GC heap before
{Heap before GC invocations=61 (full 0):
 garbage-first heap   total 239616K, used 197945K [0x0000000080000000, 0x0000000100000000)
  region size 1024K, 46 young (47104K), 4 survivors (4096K)
 Metaspace       used 103922K, committed 105088K, reserved 557056K
  class space    used 14527K, committed 15104K, reserved 425984K
}
Event: 30.257 GC heap after
{Heap after GC invocations=62 (full 0):
 garbage-first heap   total 239616K, used 156727K [0x0000000080000000, 0x0000000100000000)
  region size 1024K, 4 young (4096K), 4 survivors (4096K)
 Metaspace       used 103922K, committed 105088K, reserved 557056K
  class space    used 14527K, committed 15104K, reserved 425984K
}
Event: 30.426 GC heap before
{Heap before GC invocations=62 (full 0):
 garbage-first heap   total 239616K, used 198711K [0x0000000080000000, 0x0000000100000000)
  region size 1024K, 46 young (47104K), 4 survivors (4096K)
 Metaspace       used 103922K, committed 105088K, reserved 557056K
  class space    used 14527K, committed 15104K, reserved 425984K
}
Event: 30.430 GC heap after
{Heap after GC invocations=63 (full 0):
 garbage-first heap   total 239616K, used 157627K [0x0000000080000000, 0x0000000100000000)
  region size 1024K, 5 young (5120K), 5 survivors (5120K)
 Metaspace       used 103922K, committed 105088K, reserved 557056K
  class space    used 14527K, committed 15104K, reserved 425984K
}
Event: 31.306 GC heap before
{Heap before GC invocations=63 (full 0):
 garbage-first heap   total 239616K, used 203707K [0x0000000080000000, 0x0000000100000000)
  region size 1024K, 47 young (48128K), 5 survivors (5120K)
 Metaspace       used 104945K, committed 106112K, reserved 557056K
  class space    used 14687K, committed 15232K, reserved 425984K
}
Event: 31.315 GC heap after
{Heap after GC invocations=64 (full 0):
 garbage-first heap   total 239616K, used 169690K [0x0000000080000000, 0x0000000100000000)
  region size 1024K, 6 young (6144K), 6 survivors (6144K)
 Metaspace       used 104945K, committed 106112K, reserved 557056K
  class space    used 14687K, committed 15232K, reserved 425984K
}
Event: 31.803 GC heap before
{Heap before GC invocations=64 (full 0):
 garbage-first heap   total 239616K, used 201434K [0x0000000080000000, 0x0000000100000000)
  region size 1024K, 37 young (37888K), 6 survivors (6144K)
 Metaspace       used 106035K, committed 107264K, reserved 557056K
  class space    used 14877K, committed 15488K, reserved 425984K
}
Event: 31.809 GC heap after
{Heap after GC invocations=65 (full 0):
 garbage-first heap   total 239616K, used 172502K [0x0000000080000000, 0x0000000100000000)
  region size 1024K, 3 young (3072K), 3 survivors (3072K)
 Metaspace       used 106035K, committed 107264K, reserved 557056K
  class space    used 14877K, committed 15488K, reserved 425984K
}
Event: 32.187 GC heap before
{Heap before GC invocations=65 (full 0):
 garbage-first heap   total 239616K, used 202198K [0x0000000080000000, 0x0000000100000000)
  region size 1024K, 32 young (32768K), 3 survivors (3072K)
 Metaspace       used 107327K, committed 108544K, reserved 557056K
  class space    used 15063K, committed 15680K, reserved 425984K
}
Event: 32.191 GC heap after
{Heap after GC invocations=66 (full 0):
 garbage-first heap   total 239616K, used 174084K [0x0000000080000000, 0x0000000100000000)
  region size 1024K, 4 young (4096K), 4 survivors (4096K)
 Metaspace       used 107327K, committed 108544K, reserved 557056K
  class space    used 15063K, committed 15680K, reserved 425984K
}
Event: 32.593 GC heap before
{Heap before GC invocations=66 (full 0):
 garbage-first heap   total 239616K, used 203780K [0x0000000080000000, 0x0000000100000000)
  region size 1024K, 34 young (34816K), 4 survivors (4096K)
 Metaspace       used 108838K, committed 110080K, reserved 557056K
  class space    used 15261K, committed 15872K, reserved 425984K
}
Event: 32.599 GC heap after
{Heap after GC invocations=67 (full 0):
 garbage-first heap   total 239616K, used 176308K [0x0000000080000000, 0x0000000100000000)
  region size 1024K, 4 young (4096K), 4 survivors (4096K)
 Metaspace       used 108838K, committed 110080K, reserved 557056K
  class space    used 15261K, committed 15872K, reserved 425984K
}
Event: 32.964 GC heap before
{Heap before GC invocations=67 (full 0):
 garbage-first heap   total 239616K, used 204980K [0x0000000080000000, 0x0000000100000000)
  region size 1024K, 33 young (33792K), 4 survivors (4096K)
 Metaspace       used 109436K, committed 110656K, reserved 557056K
  class space    used 15343K, committed 15936K, reserved 425984K
}
Event: 32.973 GC heap after
{Heap after GC invocations=68 (full 0):
 garbage-first heap   total 239616K, used 180572K [0x0000000080000000, 0x0000000100000000)
  region size 1024K, 5 young (5120K), 5 survivors (5120K)
 Metaspace       used 109436K, committed 110656K, reserved 557056K
  class space    used 15343K, committed 15936K, reserved 425984K
}
Event: 33.252 GC heap before
{Heap before GC invocations=68 (full 0):
 garbage-first heap   total 239616K, used 206172K [0x0000000080000000, 0x0000000100000000)
  region size 1024K, 30 young (30720K), 5 survivors (5120K)
 Metaspace       used 109491K, committed 110656K, reserved 557056K
  class space    used 15348K, committed 15936K, reserved 425984K
}
Event: 33.262 GC heap after
{Heap after GC invocations=69 (full 0):
 garbage-first heap   total 287744K, used 185190K [0x0000000080000000, 0x0000000100000000)
  region size 1024K, 4 young (4096K), 4 survivors (4096K)
 Metaspace       used 109491K, committed 110656K, reserved 557056K
  class space    used 15348K, committed 15936K, reserved 425984K
}

