# JRE version: OpenJDK Runtime Environment Microsoft-11369865 (17.0.15+6) (build 17.0.15+6-LTS)
# Java VM: OpenJDK 64-Bit Server VM Microsoft-11369865 (17.0.15+6-LTS, mixed mode, sharing, tiered, compressed oops, compressed class ptrs, g1 gc, windows-amd64)
GC Precious Log:
 CPUs: 8 total, 8 available
 Memory: 8025M
 Large Page Support: Disabled
 NUMA Support: Disabled
 Compressed Oops: Enabled (32-bit)
 Heap Region Size: 1M
 Heap Min Capacity: 8M
 Heap Initial Capacity: 126M
 Heap Max Capacity: 2G
 Pre-touch: Disabled
 Parallel Workers: 8
 Concurrent Workers: 2
 Concurrent Refinement Workers: 8
 Periodic GC: Disabled
Heap:
 garbage-first heap   total 310272K, used 245663K [0x0000000080000000, 0x0000000100000000)
  region size 1024K, 51 young (52224K), 4 survivors (4096K)
 Metaspace       used 109262K, committed 110464K, reserved 557056K
  class space    used 15351K, committed 15936K, reserved 425984K
GC Heap History (20 events):
Event: 34.951 GC heap before
{Heap before GC invocations=58 (full 0):
 garbage-first heap   total 215040K, used 180683K [0x0000000080000000, 0x0000000100000000)
  region size 1024K, 30 young (30720K), 4 survivors (4096K)
 Metaspace       used 103529K, committed 104640K, reserved 557056K
  class space    used 14519K, committed 15104K, reserved 425984K
}
Event: 34.956 GC heap after
{Heap after GC invocations=59 (full 0):
 garbage-first heap   total 258048K, used 155290K [0x0000000080000000, 0x0000000100000000)
  region size 1024K, 3 young (3072K), 3 survivors (3072K)
 Metaspace       used 103529K, committed 104640K, reserved 557056K
  class space    used 14519K, committed 15104K, reserved 425984K
}
Event: 35.918 GC heap before
{Heap before GC invocations=59 (full 0):
 garbage-first heap   total 258048K, used 218778K [0x0000000080000000, 0x0000000100000000)
  region size 1024K, 62 young (63488K), 3 survivors (3072K)
 Metaspace       used 104133K, committed 105344K, reserved 557056K
  class space    used 14619K, committed 15168K, reserved 425984K
}
Event: 35.925 GC heap after
{Heap after GC invocations=60 (full 0):
 garbage-first heap   total 258048K, used 166094K [0x0000000080000000, 0x0000000100000000)
  region size 1024K, 8 young (8192K), 8 survivors (8192K)
 Metaspace       used 104133K, committed 105344K, reserved 557056K
  class space    used 14619K, committed 15168K, reserved 425984K
}
Event: 36.801 GC heap before
{Heap before GC invocations=60 (full 0):
 garbage-first heap   total 258048K, used 211150K [0x0000000080000000, 0x0000000100000000)
  region size 1024K, 53 young (54272K), 8 survivors (8192K)
 Metaspace       used 105594K, committed 106752K, reserved 557056K
  class space    used 14860K, committed 15424K, reserved 425984K
}
Event: 36.810 GC heap after
{Heap after GC invocations=61 (full 0):
 garbage-first heap   total 258048K, used 170699K [0x0000000080000000, 0x0000000100000000)
  region size 1024K, 5 young (5120K), 5 survivors (5120K)
 Metaspace       used 105594K, committed 106752K, reserved 557056K
  class space    used 14860K, committed 15424K, reserved 425984K
}
Event: 37.569 GC heap before
{Heap before GC invocations=61 (full 0):
 garbage-first heap   total 258048K, used 212683K [0x0000000080000000, 0x0000000100000000)
  region size 1024K, 47 young (48128K), 5 survivors (5120K)
 Metaspace       used 107463K, committed 108608K, reserved 557056K
  class space    used 15122K, committed 15680K, reserved 425984K
}
Event: 37.576 GC heap after
{Heap after GC invocations=62 (full 0):
 garbage-first heap   total 258048K, used 173482K [0x0000000080000000, 0x0000000100000000)
  region size 1024K, 3 young (3072K), 3 survivors (3072K)
 Metaspace       used 107463K, committed 108608K, reserved 557056K
  class space    used 15122K, committed 15680K, reserved 425984K
}
Event: 38.293 GC heap before
{Heap before GC invocations=62 (full 0):
 garbage-first heap   total 258048K, used 216490K [0x0000000080000000, 0x0000000100000000)
  region size 1024K, 45 young (46080K), 3 survivors (3072K)
 Metaspace       used 109063K, committed 110336K, reserved 557056K
  class space    used 15334K, committed 15936K, reserved 425984K
}
Event: 38.301 GC heap after
{Heap after GC invocations=63 (full 0):
 garbage-first heap   total 258048K, used 178365K [0x0000000080000000, 0x0000000100000000)
  region size 1024K, 6 young (6144K), 6 survivors (6144K)
 Metaspace       used 109063K, committed 110336K, reserved 557056K
  class space    used 15334K, committed 15936K, reserved 425984K
}
Event: 38.682 GC heap before
{Heap before GC invocations=63 (full 0):
 garbage-first heap   total 258048K, used 216253K [0x0000000080000000, 0x0000000100000000)
  region size 1024K, 43 young (44032K), 6 survivors (6144K)
 Metaspace       used 109121K, committed 110336K, reserved 557056K
  class space    used 15339K, committed 15936K, reserved 425984K
}
Event: 38.693 GC heap after
{Heap after GC invocations=64 (full 0):
 garbage-first heap   total 258048K, used 185209K [0x0000000080000000, 0x0000000100000000)
  region size 1024K, 6 young (6144K), 6 survivors (6144K)
 Metaspace       used 109121K, committed 110336K, reserved 557056K
  class space    used 15339K, committed 15936K, reserved 425984K
}
Event: 39.012 GC heap before
{Heap before GC invocations=64 (full 0):
 garbage-first heap   total 258048K, used 217977K [0x0000000080000000, 0x0000000100000000)
  region size 1024K, 38 young (38912K), 6 survivors (6144K)
 Metaspace       used 109183K, committed 110400K, reserved 557056K
  class space    used 15344K, committed 15936K, reserved 425984K
}
Event: 39.023 GC heap after
{Heap after GC invocations=65 (full 0):
 garbage-first heap   total 258048K, used 192303K [0x0000000080000000, 0x0000000100000000)
  region size 1024K, 5 young (5120K), 5 survivors (5120K)
 Metaspace       used 109183K, committed 110400K, reserved 557056K
  class space    used 15344K, committed 15936K, reserved 425984K
}
Event: 39.359 GC heap before
{Heap before GC invocations=65 (full 0):
 garbage-first heap   total 258048K, used 217903K [0x0000000080000000, 0x0000000100000000)
  region size 1024K, 31 young (31744K), 5 survivors (5120K)
 Metaspace       used 109259K, committed 110464K, reserved 557056K
  class space    used 15351K, committed 15936K, reserved 425984K
}
Event: 39.367 GC heap after
{Heap after GC invocations=66 (full 0):
 garbage-first heap   total 258048K, used 197469K [0x0000000080000000, 0x0000000100000000)
  region size 1024K, 4 young (4096K), 4 survivors (4096K)
 Metaspace       used 109259K, committed 110464K, reserved 557056K
  class space    used 15351K, committed 15936K, reserved 425984K
}
Event: 39.465 GC heap before
{Heap before GC invocations=66 (full 0):
 garbage-first heap   total 258048K, used 218973K [0x0000000080000000, 0x0000000100000000)
  region size 1024K, 26 young (26624K), 4 survivors (4096K)
 Metaspace       used 109259K, committed 110464K, reserved 557056K
  class space    used 15351K, committed 15936K, reserved 425984K
}
Event: 39.471 GC heap after
{Heap after GC invocations=67 (full 0):
 garbage-first heap   total 310272K, used 198802K [0x0000000080000000, 0x0000000100000000)
  region size 1024K, 3 young (3072K), 3 survivors (3072K)
 Metaspace       used 109259K, committed 110464K, reserved 557056K
  class space    used 15351K, committed 15936K, reserved 425984K
}
Event: 39.760 GC heap before
{Heap before GC invocations=67 (full 0):
 garbage-first heap   total 310272K, used 255122K [0x0000000080000000, 0x0000000100000000)
  region size 1024K, 59 young (60416K), 3 survivors (3072K)
 Metaspace       used 109259K, committed 110464K, reserved 557056K
  class space    used 15351K, committed 15936K, reserved 425984K
}
Event: 39.781 GC heap after
{Heap after GC invocations=68 (full 0):
 garbage-first heap   total 310272K, used 199583K [0x0000000080000000, 0x0000000100000000)
  region size 1024K, 4 young (4096K), 4 survivors (4096K)
 Metaspace       used 109259K, committed 110464K, reserved 557056K
  class space    used 15351K, committed 15936K, reserved 425984K
}

